{"/Users/csmadhav/allusion/src/Allusion.ts": {"path":"/Users/csmadhav/allusion/src/Allusion.ts","statementMap":{"0":{"start":{"line":1,"column":0},"end":{"line":1,"column":46}},"1":{"start":{"line":2,"column":0},"end":{"line":2,"column":40}},"2":{"start":{"line":4,"column":0},"end":{"line":4,"column":47}},"3":{"start":{"line":5,"column":0},"end":{"line":5,"column":44}},"4":{"start":{"line":6,"column":0},"end":{"line":6,"column":49}},"5":{"start":{"line":7,"column":0},"end":{"line":7,"column":65}},"6":{"start":{"line":8,"column":0},"end":{"line":8,"column":51}},"7":{"start":{"line":9,"column":0},"end":{"line":9,"column":53}},"8":{"start":{"line":10,"column":0},"end":{"line":10,"column":87}},"9":{"start":{"line":13,"column":0},"end":{"line":13,"column":13}},"10":{"start":{"line":14,"column":9},"end":{"line":14,"column":55}},"11":{"start":{"line":21,"column":4},"end":{"line":21,"column":25}},"12":{"start":{"line":22,"column":4},"end":{"line":22,"column":50}},"13":{"start":{"line":23,"column":4},"end":{"line":26,"column":null}},"14":{"start":{"line":24,"column":6},"end":{"line":24,"column":43}},"15":{"start":{"line":25,"column":6},"end":{"line":25,"column":51}},"16":{"start":{"line":27,"column":4},"end":{"line":27,"column":42}},"17":{"start":{"line":28,"column":4},"end":{"line":28,"column":46}},"18":{"start":{"line":31,"column":2},"end":{"line":55,"column":null}},"19":{"start":{"line":32,"column":4},"end":{"line":54,"column":null}},"20":{"start":{"line":33,"column":6},"end":{"line":33,"column":26}},"21":{"start":{"line":35,"column":43},"end":{"line":42,"column":8}},"22":{"start":{"line":44,"column":6},"end":{"line":46,"column":9}},"23":{"start":{"line":45,"column":8},"end":{"line":45,"column":23}},"24":{"start":{"line":49,"column":6},"end":{"line":53,"column":null}},"25":{"start":{"line":50,"column":8},"end":{"line":50,"column":16}},"26":{"start":{"line":52,"column":8},"end":{"line":52,"column":52}},"27":{"start":{"line":56,"column":0},"end":{"line":56,"column":null}},"28":{"start":{"line":13,"column":13},"end":{"line":13,"column":21}}},"fnMap":{"0":{"name":"(anonymous_0)","decl":{"start":{"line":13,"column":0},"end":{"line":13,"column":13}},"loc":{"start":{"line":13,"column":0},"end":{"line":56,"column":null}}},"1":{"name":"Allusion","decl":{"start":{"line":20,"column":2},"end":{"line":20,"column":14}},"loc":{"start":{"line":20,"column":36},"end":{"line":29,"column":3}}},"2":{"name":"(anonymous_2)","decl":{"start":{"line":31,"column":2},"end":{"line":31,"column":6}},"loc":{"start":{"line":31,"column":2},"end":{"line":55,"column":3}}},"3":{"name":"(anonymous_3)","decl":{"start":{"line":44,"column":21},"end":{"line":44,"column":22}},"loc":{"start":{"line":44,"column":42},"end":{"line":46,"column":7}}}},"branchMap":{"0":{"loc":{"start":{"line":23,"column":4},"end":{"line":26,"column":null}},"type":"if","locations":[{"start":{"line":23,"column":4},"end":{"line":26,"column":null}},{"start":{"line":23,"column":4},"end":{"line":26,"column":null}}]},"1":{"loc":{"start":{"line":49,"column":6},"end":{"line":53,"column":null}},"type":"if","locations":[{"start":{"line":49,"column":6},"end":{"line":53,"column":null}},{"start":{"line":49,"column":6},"end":{"line":53,"column":null}}]}},"s":{"0":1,"1":1,"2":1,"3":1,"4":1,"5":1,"6":1,"7":1,"8":1,"9":1,"10":4,"11":4,"12":4,"13":4,"14":4,"15":4,"16":4,"17":4,"18":1,"19":3,"20":3,"21":3,"22":3,"23":8,"24":2,"25":1,"26":1,"27":1,"28":1},"f":{"0":1,"1":4,"2":3,"3":8},"b":{"0":[4,0],"1":[1,1]}}
,"/Users/csmadhav/allusion/src/Environment.ts": {"path":"/Users/csmadhav/allusion/src/Environment.ts","statementMap":{"0":{"start":{"line":1,"column":16},"end":{"line":1,"column":36}},"1":{"start":{"line":3,"column":0},"end":{"line":3,"column":13}},"2":{"start":{"line":4,"column":9},"end":{"line":6,"column":null}},"3":{"start":{"line":5,"column":4},"end":{"line":5,"column":39}},"4":{"start":{"line":8,"column":9},"end":{"line":10,"column":null}},"5":{"start":{"line":9,"column":4},"end":{"line":9,"column":38}},"6":{"start":{"line":11,"column":0},"end":{"line":11,"column":null}},"7":{"start":{"line":3,"column":13},"end":{"line":3,"column":24}}},"fnMap":{"0":{"name":"(anonymous_0)","decl":{"start":{"line":3,"column":0},"end":{"line":3,"column":13}},"loc":{"start":{"line":3,"column":0},"end":{"line":11,"column":null}}},"1":{"name":"(anonymous_2)","decl":{"start":{"line":4,"column":2},"end":{"line":4,"column":9}},"loc":{"start":{"line":4,"column":2},"end":{"line":6,"column":3}}},"2":{"name":"(anonymous_3)","decl":{"start":{"line":8,"column":2},"end":{"line":8,"column":9}},"loc":{"start":{"line":8,"column":2},"end":{"line":10,"column":3}}}},"branchMap":{},"s":{"0":1,"1":1,"2":1,"3":1,"4":1,"5":0,"6":1,"7":1},"f":{"0":1,"1":1,"2":0},"b":{}}
,"/Users/csmadhav/allusion/src/QueueService.ts": {"path":"/Users/csmadhav/allusion/src/QueueService.ts","statementMap":{"0":{"start":{"line":1,"column":0},"end":{"line":1,"column":65}},"1":{"start":{"line":3,"column":0},"end":{"line":3,"column":87}},"2":{"start":{"line":6,"column":0},"end":{"line":6,"column":13}},"3":{"start":{"line":7,"column":10},"end":{"line":7,"column":42}},"4":{"start":{"line":9,"column":10},"end":{"line":9,"column":76}},"5":{"start":{"line":11,"column":9},"end":{"line":31,"column":null}},"6":{"start":{"line":11,"column":2},"end":{"line":11,"column":9}},"7":{"start":{"line":12,"column":31},"end":{"line":16,"column":6}},"8":{"start":{"line":22,"column":4},"end":{"line":24,"column":null}},"9":{"start":{"line":23,"column":6},"end":{"line":23,"column":115}},"10":{"start":{"line":25,"column":4},"end":{"line":25,"column":40}},"11":{"start":{"line":26,"column":4},"end":{"line":30,"column":7}},"12":{"start":{"line":27,"column":6},"end":{"line":29,"column":null}},"13":{"start":{"line":28,"column":8},"end":{"line":28,"column":20}},"14":{"start":{"line":33,"column":10},"end":{"line":51,"column":null}},"15":{"start":{"line":33,"column":2},"end":{"line":33,"column":10}},"16":{"start":{"line":34,"column":22},"end":{"line":34,"column":43}},"17":{"start":{"line":35,"column":20},"end":{"line":42,"column":6}},"18":{"start":{"line":43,"column":16},"end":{"line":43,"column":34}},"19":{"start":{"line":44,"column":4},"end":{"line":44,"column":60}},"20":{"start":{"line":45,"column":4},"end":{"line":45,"column":61}},"21":{"start":{"line":46,"column":4},"end":{"line":46,"column":23}},"22":{"start":{"line":47,"column":4},"end":{"line":49,"column":7}},"23":{"start":{"line":48,"column":6},"end":{"line":48,"column":51}},"24":{"start":{"line":50,"column":4},"end":{"line":50,"column":38}},"25":{"start":{"line":53,"column":9},"end":{"line":55,"column":null}},"26":{"start":{"line":54,"column":4},"end":{"line":54,"column":22}},"27":{"start":{"line":56,"column":0},"end":{"line":56,"column":null}},"28":{"start":{"line":6,"column":13},"end":{"line":6,"column":25}}},"fnMap":{"0":{"name":"(anonymous_0)","decl":{"start":{"line":6,"column":0},"end":{"line":6,"column":13}},"loc":{"start":{"line":6,"column":0},"end":{"line":56,"column":null}}},"1":{"name":"(anonymous_2)","decl":{"start":{"line":11,"column":2},"end":{"line":11,"column":9}},"loc":{"start":{"line":11,"column":42},"end":{"line":31,"column":3}}},"2":{"name":"(anonymous_3)","decl":{"start":{"line":26,"column":29},"end":{"line":26,"column":30}},"loc":{"start":{"line":26,"column":40},"end":{"line":30,"column":5}}},"3":{"name":"(anonymous_4)","decl":{"start":{"line":33,"column":2},"end":{"line":33,"column":10}},"loc":{"start":{"line":33,"column":2},"end":{"line":51,"column":3}}},"4":{"name":"(anonymous_5)","decl":{"start":{"line":47,"column":33},"end":{"line":47,"column":null}},"loc":{"start":{"line":47,"column":33},"end":{"line":49,"column":5}}},"5":{"name":"(anonymous_6)","decl":{"start":{"line":53,"column":2},"end":{"line":53,"column":9}},"loc":{"start":{"line":53,"column":2},"end":{"line":55,"column":3}}}},"branchMap":{"0":{"loc":{"start":{"line":22,"column":4},"end":{"line":24,"column":null}},"type":"if","locations":[{"start":{"line":22,"column":4},"end":{"line":24,"column":null}},{"start":{"line":22,"column":4},"end":{"line":24,"column":null}}]},"1":{"loc":{"start":{"line":22,"column":8},"end":{"line":22,"column":31}},"type":"binary-expr","locations":[{"start":{"line":22,"column":8},"end":{"line":22,"column":31}},{"start":{"line":22,"column":35},"end":{"line":22,"column":82}}]},"2":{"loc":{"start":{"line":27,"column":6},"end":{"line":29,"column":null}},"type":"if","locations":[{"start":{"line":27,"column":6},"end":{"line":29,"column":null}},{"start":{"line":27,"column":6},"end":{"line":29,"column":null}}]}},"s":{"0":2,"1":2,"2":2,"3":5,"4":5,"5":2,"6":3,"7":3,"8":3,"9":3,"10":3,"11":3,"12":6,"13":1,"14":2,"15":1,"16":1,"17":1,"18":1,"19":1,"20":1,"21":1,"22":1,"23":1,"24":1,"25":2,"26":2,"27":2,"28":2},"f":{"0":7,"1":3,"2":6,"3":1,"4":1,"5":2},"b":{"0":[3,0],"1":[3,3],"2":[1,5]}}
,"/Users/csmadhav/allusion/src/Utilities.ts": {"path":"/Users/csmadhav/allusion/src/Utilities.ts","statementMap":{"0":{"start":{"line":1,"column":0},"end":{"line":1,"column":13}},"1":{"start":{"line":2,"column":10},"end":{"line":10,"column":null}},"2":{"start":{"line":3,"column":18},"end":{"line":3,"column":40}},"3":{"start":{"line":4,"column":18},"end":{"line":4,"column":48}},"4":{"start":{"line":5,"column":17},"end":{"line":5,"column":40}},"5":{"start":{"line":6,"column":4},"end":{"line":8,"column":null}},"6":{"start":{"line":7,"column":8},"end":{"line":7,"column":39}},"7":{"start":{"line":9,"column":4},"end":{"line":9,"column":21}},"8":{"start":{"line":12,"column":9},"end":{"line":15,"column":null}},"9":{"start":{"line":13,"column":18},"end":{"line":13,"column":21}},"10":{"start":{"line":14,"column":4},"end":{"line":14,"column":48}},"11":{"start":{"line":17,"column":9},"end":{"line":19,"column":null}},"12":{"start":{"line":18,"column":4},"end":{"line":18,"column":79}},"13":{"start":{"line":21,"column":9},"end":{"line":23,"column":null}},"14":{"start":{"line":22,"column":4},"end":{"line":22,"column":62}},"15":{"start":{"line":24,"column":0},"end":{"line":24,"column":null}},"16":{"start":{"line":1,"column":13},"end":{"line":1,"column":22}}},"fnMap":{"0":{"name":"(anonymous_0)","decl":{"start":{"line":1,"column":0},"end":{"line":1,"column":13}},"loc":{"start":{"line":1,"column":0},"end":{"line":24,"column":null}}},"1":{"name":"(anonymous_2)","decl":{"start":{"line":2,"column":2},"end":{"line":2,"column":10}},"loc":{"start":{"line":2,"column":32},"end":{"line":10,"column":3}}},"2":{"name":"(anonymous_3)","decl":{"start":{"line":12,"column":2},"end":{"line":12,"column":9}},"loc":{"start":{"line":12,"column":44},"end":{"line":15,"column":3}}},"3":{"name":"(anonymous_4)","decl":{"start":{"line":17,"column":2},"end":{"line":17,"column":9}},"loc":{"start":{"line":17,"column":2},"end":{"line":19,"column":3}}},"4":{"name":"(anonymous_5)","decl":{"start":{"line":21,"column":2},"end":{"line":21,"column":9}},"loc":{"start":{"line":21,"column":37},"end":{"line":23,"column":3}}}},"branchMap":{"0":{"loc":{"start":{"line":6,"column":4},"end":{"line":8,"column":null}},"type":"if","locations":[{"start":{"line":6,"column":4},"end":{"line":8,"column":null}},{"start":{"line":6,"column":4},"end":{"line":8,"column":null}}]},"1":{"loc":{"start":{"line":6,"column":8},"end":{"line":6,"column":25}},"type":"binary-expr","locations":[{"start":{"line":6,"column":8},"end":{"line":6,"column":25}},{"start":{"line":6,"column":29},"end":{"line":6,"column":33}}]}},"s":{"0":3,"1":3,"2":2,"3":2,"4":2,"5":2,"6":1,"7":1,"8":3,"9":1,"10":1,"11":3,"12":1,"13":3,"14":3,"15":3,"16":3},"f":{"0":3,"1":2,"2":1,"3":1,"4":3},"b":{"0":[1,1],"1":[2,1]}}
,"/Users/csmadhav/allusion/src/types.ts": {"path":"/Users/csmadhav/allusion/src/types.ts","statementMap":{"0":{"start":{"line":23,"column":0},"end":{"line":23,"column":null}},"1":{"start":{"line":24,"column":4},"end":{"line":24,"column":null}},"2":{"start":{"line":25,"column":4},"end":{"line":25,"column":null}},"3":{"start":{"line":26,"column":4},"end":{"line":26,"column":null}},"4":{"start":{"line":27,"column":4},"end":{"line":27,"column":null}},"5":{"start":{"line":28,"column":4},"end":{"line":28,"column":null}},"6":{"start":{"line":29,"column":4},"end":{"line":29,"column":null}},"7":{"start":{"line":30,"column":4},"end":{"line":30,"column":null}},"8":{"start":{"line":33,"column":25},"end":{"line":33,"column":31}}},"fnMap":{"0":{"name":"(anonymous_0)","decl":{"start":{"line":23,"column":0},"end":{"line":23,"column":5}},"loc":{"start":{"line":23,"column":11},"end":{"line":31,"column":1}}}},"branchMap":{"0":{"loc":{"start":{"line":23,"column":5},"end":{"line":23,"column":11}},"type":"binary-expr","locations":[{"start":{"line":23,"column":5},"end":{"line":23,"column":11}},{"start":{"line":23,"column":5},"end":{"line":23,"column":null}}]}},"s":{"0":7,"1":7,"2":7,"3":7,"4":7,"5":7,"6":7,"7":7,"8":7},"f":{"0":7},"b":{"0":[7,7]}}
,"/Users/csmadhav/allusion/src/__tests__/TestUtils.ts": {"path":"/Users/csmadhav/allusion/src/__tests__/TestUtils.ts","statementMap":{"0":{"start":{"line":3,"column":0},"end":{"line":3,"column":null}},"1":{"start":{"line":4,"column":11},"end":{"line":11,"column":null}},"2":{"start":{"line":5,"column":8},"end":{"line":10,"column":22}},"3":{"start":{"line":13,"column":11},"end":{"line":20,"column":null}},"4":{"start":{"line":14,"column":8},"end":{"line":19,"column":11}},"5":{"start":{"line":22,"column":11},"end":{"line":27,"column":null}},"6":{"start":{"line":23,"column":23},"end":{"line":23,"column":55}},"7":{"start":{"line":24,"column":8},"end":{"line":24,"column":33}},"8":{"start":{"line":25,"column":8},"end":{"line":25,"column":42}},"9":{"start":{"line":26,"column":8},"end":{"line":26,"column":23}},"10":{"start":{"line":28,"column":0},"end":{"line":28,"column":null}},"11":{"start":{"line":30,"column":9},"end":{"line":30,"column":18}}},"fnMap":{"0":{"name":"(anonymous_0)","decl":{"start":{"line":3,"column":0},"end":{"line":3,"column":null}},"loc":{"start":{"line":3,"column":0},"end":{"line":28,"column":null}}},"1":{"name":"(anonymous_2)","decl":{"start":{"line":4,"column":4},"end":{"line":4,"column":11}},"loc":{"start":{"line":4,"column":4},"end":{"line":11,"column":5}}},"2":{"name":"(anonymous_3)","decl":{"start":{"line":13,"column":4},"end":{"line":13,"column":11}},"loc":{"start":{"line":13,"column":4},"end":{"line":20,"column":5}}},"3":{"name":"(anonymous_4)","decl":{"start":{"line":22,"column":4},"end":{"line":22,"column":11}},"loc":{"start":{"line":22,"column":64},"end":{"line":27,"column":5}}}},"branchMap":{},"s":{"0":1,"1":1,"2":1,"3":1,"4":1,"5":1,"6":2,"7":2,"8":2,"9":2,"10":1,"11":1},"f":{"0":1,"1":1,"2":1,"3":2},"b":{}}
,"/Users/csmadhav/allusion/src/events/AllusionErrorEvent.ts": {"path":"/Users/csmadhav/allusion/src/events/AllusionErrorEvent.ts","statementMap":{"0":{"start":{"line":1,"column":0},"end":{"line":1,"column":48}},"1":{"start":{"line":4,"column":0},"end":{"line":4,"column":34}},"2":{"start":{"line":6,"column":0},"end":{"line":6,"column":null}},"3":{"start":{"line":6,"column":40},"end":{"line":6,"column":53}},"4":{"start":{"line":6,"column":0},"end":{"line":6,"column":13}},"5":{"start":{"line":7,"column":2},"end":{"line":7,"column":27}},"6":{"start":{"line":9,"column":2},"end":{"line":13,"column":null}},"7":{"start":{"line":10,"column":4},"end":{"line":10,"column":48}},"8":{"start":{"line":11,"column":4},"end":{"line":11,"column":44}},"9":{"start":{"line":12,"column":4},"end":{"line":12,"column":41}},"10":{"start":{"line":14,"column":0},"end":{"line":14,"column":null}},"11":{"start":{"line":6,"column":13},"end":{"line":6,"column":31}}},"fnMap":{"0":{"name":"(anonymous_6)","decl":{"start":{"line":6,"column":0},"end":{"line":6,"column":13}},"loc":{"start":{"line":6,"column":0},"end":{"line":14,"column":null}}},"1":{"name":"(anonymous_8)","decl":{"start":{"line":9,"column":2},"end":{"line":9,"column":11}},"loc":{"start":{"line":9,"column":29},"end":{"line":13,"column":3}}}},"branchMap":{"0":{"loc":{"start":{"line":6,"column":0},"end":{"line":6,"column":13}},"type":"binary-expr","locations":[{"start":{"line":6,"column":0},"end":{"line":6,"column":13}},{"start":{"line":6,"column":0},"end":{"line":6,"column":13}},{"start":{"line":6,"column":0},"end":{"line":6,"column":13}}]}},"s":{"0":2,"1":2,"2":2,"3":2,"4":1,"5":1,"6":2,"7":1,"8":1,"9":1,"10":2,"11":2},"f":{"0":3,"1":1},"b":{"0":[1,1,1]}}
,"/Users/csmadhav/allusion/src/events/AllusionEvent.ts": {"path":"/Users/csmadhav/allusion/src/events/AllusionEvent.ts","statementMap":{"0":{"start":{"line":1,"column":0},"end":{"line":1,"column":41}},"1":{"start":{"line":4,"column":0},"end":{"line":4,"column":22}},"2":{"start":{"line":5,"column":9},"end":{"line":5,"column":41}},"3":{"start":{"line":9,"column":2},"end":{"line":12,"column":null}},"4":{"start":{"line":10,"column":4},"end":{"line":10,"column":26}},"5":{"start":{"line":11,"column":4},"end":{"line":11,"column":41}},"6":{"start":{"line":14,"column":2},"end":{"line":18,"column":null}},"7":{"start":{"line":14,"column":2},"end":{"line":14,"column":8}},"8":{"start":{"line":15,"column":4},"end":{"line":17,"column":7}},"9":{"start":{"line":16,"column":6},"end":{"line":16,"column":26}},"10":{"start":{"line":20,"column":2},"end":{"line":26,"column":null}},"11":{"start":{"line":21,"column":4},"end":{"line":21,"column":41}},"12":{"start":{"line":22,"column":4},"end":{"line":22,"column":80}},"13":{"start":{"line":23,"column":4},"end":{"line":25,"column":null}},"14":{"start":{"line":24,"column":6},"end":{"line":24,"column":75}},"15":{"start":{"line":27,"column":0},"end":{"line":27,"column":null}},"16":{"start":{"line":4,"column":22},"end":{"line":4,"column":35}}},"fnMap":{"0":{"name":"(anonymous_0)","decl":{"start":{"line":4,"column":0},"end":{"line":4,"column":22}},"loc":{"start":{"line":4,"column":0},"end":{"line":27,"column":null}}},"1":{"name":"(anonymous_2)","decl":{"start":{"line":9,"column":2},"end":{"line":9,"column":9}},"loc":{"start":{"line":9,"column":22},"end":{"line":12,"column":3}}},"2":{"name":"(anonymous_3)","decl":{"start":{"line":14,"column":2},"end":{"line":14,"column":8}},"loc":{"start":{"line":14,"column":2},"end":{"line":18,"column":3}}},"3":{"name":"(anonymous_4)","decl":{"start":{"line":15,"column":44},"end":{"line":15,"column":45}},"loc":{"start":{"line":15,"column":57},"end":{"line":17,"column":5}}},"4":{"name":"(anonymous_5)","decl":{"start":{"line":20,"column":2},"end":{"line":20,"column":11}},"loc":{"start":{"line":20,"column":24},"end":{"line":26,"column":3}}}},"branchMap":{"0":{"loc":{"start":{"line":22,"column":41},"end":{"line":22,"column":67}},"type":"cond-expr","locations":[{"start":{"line":22,"column":41},"end":{"line":22,"column":67}},{"start":{"line":22,"column":70},"end":{"line":22,"column":79}}]},"1":{"loc":{"start":{"line":23,"column":4},"end":{"line":25,"column":null}},"type":"if","locations":[{"start":{"line":23,"column":4},"end":{"line":25,"column":null}},{"start":{"line":23,"column":4},"end":{"line":25,"column":null}}]}},"s":{"0":7,"1":7,"2":3,"3":7,"4":0,"5":0,"6":7,"7":0,"8":0,"9":0,"10":7,"11":2,"12":2,"13":2,"14":2,"15":7,"16":7},"f":{"0":10,"1":0,"2":0,"3":0,"4":2},"b":{"0":[2,0],"1":[2,0]}}
,"/Users/csmadhav/allusion/src/events/AllusionPromiseRejectionEvent.ts": {"path":"/Users/csmadhav/allusion/src/events/AllusionPromiseRejectionEvent.ts","statementMap":{"0":{"start":{"line":1,"column":0},"end":{"line":1,"column":48}},"1":{"start":{"line":4,"column":0},"end":{"line":4,"column":34}},"2":{"start":{"line":6,"column":0},"end":{"line":6,"column":null}},"3":{"start":{"line":6,"column":51},"end":{"line":6,"column":64}},"4":{"start":{"line":6,"column":0},"end":{"line":6,"column":13}},"5":{"start":{"line":7,"column":2},"end":{"line":7,"column":43}},"6":{"start":{"line":9,"column":2},"end":{"line":15,"column":null}},"7":{"start":{"line":10,"column":4},"end":{"line":10,"column":48}},"8":{"start":{"line":11,"column":4},"end":{"line":14,"column":null}},"9":{"start":{"line":12,"column":6},"end":{"line":12,"column":53}},"10":{"start":{"line":13,"column":6},"end":{"line":13,"column":44}},"11":{"start":{"line":16,"column":0},"end":{"line":16,"column":null}},"12":{"start":{"line":6,"column":13},"end":{"line":6,"column":42}}},"fnMap":{"0":{"name":"(anonymous_6)","decl":{"start":{"line":6,"column":0},"end":{"line":6,"column":13}},"loc":{"start":{"line":6,"column":0},"end":{"line":16,"column":null}}},"1":{"name":"(anonymous_8)","decl":{"start":{"line":9,"column":2},"end":{"line":9,"column":11}},"loc":{"start":{"line":9,"column":40},"end":{"line":15,"column":3}}}},"branchMap":{"0":{"loc":{"start":{"line":6,"column":0},"end":{"line":6,"column":13}},"type":"binary-expr","locations":[{"start":{"line":6,"column":0},"end":{"line":6,"column":13}},{"start":{"line":6,"column":0},"end":{"line":6,"column":13}},{"start":{"line":6,"column":0},"end":{"line":6,"column":13}}]},"1":{"loc":{"start":{"line":11,"column":4},"end":{"line":14,"column":null}},"type":"if","locations":[{"start":{"line":11,"column":4},"end":{"line":14,"column":null}},{"start":{"line":11,"column":4},"end":{"line":14,"column":null}}]}},"s":{"0":2,"1":2,"2":2,"3":2,"4":0,"5":0,"6":2,"7":0,"8":0,"9":0,"10":0,"11":2,"12":2},"f":{"0":2,"1":0},"b":{"0":[0,0,0],"1":[0,0]}}
,"/Users/csmadhav/allusion/src/events/ChangeEvent.ts": {"path":"/Users/csmadhav/allusion/src/events/ChangeEvent.ts","statementMap":{"0":{"start":{"line":1,"column":0},"end":{"line":1,"column":48}},"1":{"start":{"line":4,"column":0},"end":{"line":4,"column":34}},"2":{"start":{"line":6,"column":0},"end":{"line":6,"column":null}},"3":{"start":{"line":6,"column":33},"end":{"line":6,"column":46}},"4":{"start":{"line":6,"column":0},"end":{"line":6,"column":13}},"5":{"start":{"line":7,"column":2},"end":{"line":7,"column":28}},"6":{"start":{"line":8,"column":0},"end":{"line":8,"column":null}},"7":{"start":{"line":6,"column":13},"end":{"line":6,"column":24}}},"fnMap":{"0":{"name":"(anonymous_6)","decl":{"start":{"line":6,"column":0},"end":{"line":6,"column":13}},"loc":{"start":{"line":6,"column":0},"end":{"line":8,"column":null}}}},"branchMap":{"0":{"loc":{"start":{"line":6,"column":0},"end":{"line":6,"column":13}},"type":"binary-expr","locations":[{"start":{"line":6,"column":0},"end":{"line":6,"column":13}},{"start":{"line":6,"column":0},"end":{"line":6,"column":13}},{"start":{"line":6,"column":0},"end":{"line":6,"column":13}}]}},"s":{"0":1,"1":1,"2":1,"3":1,"4":0,"5":0,"6":1,"7":1},"f":{"0":1},"b":{"0":[0,0,0]}}
,"/Users/csmadhav/allusion/src/events/ClickEvent.ts": {"path":"/Users/csmadhav/allusion/src/events/ClickEvent.ts","statementMap":{"0":{"start":{"line":1,"column":0},"end":{"line":1,"column":48}},"1":{"start":{"line":4,"column":0},"end":{"line":4,"column":34}},"2":{"start":{"line":6,"column":0},"end":{"line":6,"column":null}},"3":{"start":{"line":6,"column":32},"end":{"line":6,"column":45}},"4":{"start":{"line":6,"column":0},"end":{"line":6,"column":13}},"5":{"start":{"line":7,"column":2},"end":{"line":7,"column":27}},"6":{"start":{"line":8,"column":0},"end":{"line":8,"column":null}},"7":{"start":{"line":6,"column":13},"end":{"line":6,"column":23}}},"fnMap":{"0":{"name":"(anonymous_6)","decl":{"start":{"line":6,"column":0},"end":{"line":6,"column":13}},"loc":{"start":{"line":6,"column":0},"end":{"line":8,"column":null}}}},"branchMap":{"0":{"loc":{"start":{"line":6,"column":0},"end":{"line":6,"column":13}},"type":"binary-expr","locations":[{"start":{"line":6,"column":0},"end":{"line":6,"column":13}},{"start":{"line":6,"column":0},"end":{"line":6,"column":13}},{"start":{"line":6,"column":0},"end":{"line":6,"column":13}}]}},"s":{"0":2,"1":2,"2":2,"3":2,"4":2,"5":2,"6":2,"7":2},"f":{"0":4},"b":{"0":[2,2,2]}}
,"/Users/csmadhav/allusion/src/events/LoadEvent.ts": {"path":"/Users/csmadhav/allusion/src/events/LoadEvent.ts","statementMap":{"0":{"start":{"line":1,"column":0},"end":{"line":1,"column":48}},"1":{"start":{"line":4,"column":0},"end":{"line":4,"column":34}},"2":{"start":{"line":6,"column":0},"end":{"line":6,"column":null}},"3":{"start":{"line":6,"column":31},"end":{"line":6,"column":44}},"4":{"start":{"line":6,"column":0},"end":{"line":6,"column":13}},"5":{"start":{"line":7,"column":2},"end":{"line":7,"column":26}},"6":{"start":{"line":8,"column":0},"end":{"line":8,"column":null}},"7":{"start":{"line":6,"column":13},"end":{"line":6,"column":22}}},"fnMap":{"0":{"name":"(anonymous_6)","decl":{"start":{"line":6,"column":0},"end":{"line":6,"column":13}},"loc":{"start":{"line":6,"column":0},"end":{"line":8,"column":null}}}},"branchMap":{"0":{"loc":{"start":{"line":6,"column":0},"end":{"line":6,"column":13}},"type":"binary-expr","locations":[{"start":{"line":6,"column":0},"end":{"line":6,"column":13}},{"start":{"line":6,"column":0},"end":{"line":6,"column":13}},{"start":{"line":6,"column":0},"end":{"line":6,"column":13}}]}},"s":{"0":1,"1":1,"2":1,"3":1,"4":0,"5":0,"6":1,"7":1},"f":{"0":1},"b":{"0":[0,0,0]}}
,"/Users/csmadhav/allusion/src/events/XHRSentEvent.ts": {"path":"/Users/csmadhav/allusion/src/events/XHRSentEvent.ts","statementMap":{"0":{"start":{"line":1,"column":0},"end":{"line":1,"column":48}},"1":{"start":{"line":4,"column":0},"end":{"line":4,"column":34}},"2":{"start":{"line":6,"column":0},"end":{"line":6,"column":null}},"3":{"start":{"line":6,"column":34},"end":{"line":6,"column":47}},"4":{"start":{"line":6,"column":0},"end":{"line":6,"column":13}},"5":{"start":{"line":8,"column":2},"end":{"line":8,"column":29}},"6":{"start":{"line":10,"column":2},"end":{"line":29,"column":null}},"7":{"start":{"line":10,"column":2},"end":{"line":10,"column":8}},"8":{"start":{"line":11,"column":4},"end":{"line":13,"column":7}},"9":{"start":{"line":12,"column":6},"end":{"line":12,"column":26}},"10":{"start":{"line":15,"column":4},"end":{"line":15,"column":76}},"11":{"start":{"line":17,"column":4},"end":{"line":28,"column":6}},"12":{"start":{"line":18,"column":6},"end":{"line":26,"column":null}},"13":{"start":{"line":20,"column":8},"end":{"line":25,"column":11}},"14":{"start":{"line":21,"column":10},"end":{"line":24,"column":null}},"15":{"start":{"line":22,"column":33},"end":{"line":22,"column":81}},"16":{"start":{"line":23,"column":12},"end":{"line":23,"column":47}},"17":{"start":{"line":27,"column":6},"end":{"line":27,"column":30}},"18":{"start":{"line":31,"column":2},"end":{"line":37,"column":null}},"19":{"start":{"line":32,"column":16},"end":{"line":32,"column":28}},"20":{"start":{"line":33,"column":4},"end":{"line":33,"column":37}},"21":{"start":{"line":34,"column":4},"end":{"line":34,"column":34}},"22":{"start":{"line":35,"column":4},"end":{"line":35,"column":42}},"23":{"start":{"line":36,"column":4},"end":{"line":36,"column":48}},"24":{"start":{"line":38,"column":0},"end":{"line":38,"column":null}},"25":{"start":{"line":6,"column":13},"end":{"line":6,"column":25}}},"fnMap":{"0":{"name":"(anonymous_6)","decl":{"start":{"line":6,"column":0},"end":{"line":6,"column":13}},"loc":{"start":{"line":6,"column":0},"end":{"line":38,"column":null}}},"1":{"name":"(anonymous_8)","decl":{"start":{"line":10,"column":2},"end":{"line":10,"column":8}},"loc":{"start":{"line":10,"column":2},"end":{"line":29,"column":3}}},"2":{"name":"(anonymous_9)","decl":{"start":{"line":11,"column":44},"end":{"line":11,"column":45}},"loc":{"start":{"line":11,"column":57},"end":{"line":13,"column":5}}},"3":{"name":"(anonymous_10)","decl":{"start":{"line":17,"column":36},"end":{"line":17,"column":45}},"loc":{"start":{"line":17,"column":78},"end":{"line":28,"column":5}}},"4":{"name":"(anonymous_11)","decl":{"start":{"line":20,"column":56},"end":{"line":20,"column":null}},"loc":{"start":{"line":20,"column":56},"end":{"line":25,"column":9}}},"5":{"name":"(anonymous_12)","decl":{"start":{"line":31,"column":2},"end":{"line":31,"column":11}},"loc":{"start":{"line":31,"column":30},"end":{"line":37,"column":3}}}},"branchMap":{"0":{"loc":{"start":{"line":6,"column":0},"end":{"line":6,"column":13}},"type":"binary-expr","locations":[{"start":{"line":6,"column":0},"end":{"line":6,"column":13}},{"start":{"line":6,"column":0},"end":{"line":6,"column":13}},{"start":{"line":6,"column":0},"end":{"line":6,"column":13}}]},"1":{"loc":{"start":{"line":18,"column":6},"end":{"line":26,"column":null}},"type":"if","locations":[{"start":{"line":18,"column":6},"end":{"line":26,"column":null}},{"start":{"line":18,"column":6},"end":{"line":26,"column":null}}]},"2":{"loc":{"start":{"line":21,"column":10},"end":{"line":24,"column":null}},"type":"if","locations":[{"start":{"line":21,"column":10},"end":{"line":24,"column":null}},{"start":{"line":21,"column":10},"end":{"line":24,"column":null}}]}},"s":{"0":1,"1":1,"2":1,"3":1,"4":0,"5":0,"6":1,"7":0,"8":0,"9":0,"10":0,"11":0,"12":0,"13":0,"14":0,"15":0,"16":0,"17":0,"18":1,"19":0,"20":0,"21":0,"22":0,"23":0,"24":1,"25":1},"f":{"0":1,"1":0,"2":0,"3":0,"4":0,"5":0},"b":{"0":[0,0,0],"1":[0,0],"2":[0,0]}}
,"/Users/csmadhav/allusion/src/typings/global.d.ts": {"path":"/Users/csmadhav/allusion/src/typings/global.d.ts","statementMap":{},"fnMap":{},"branchMap":{},"s":{},"f":{},"b":{}}
}
