TN:
SF:src/Allusion.ts
FN:13,(anonymous_0)
FN:20,Allusion
FN:31,(anonymous_2)
FN:44,(anonymous_3)
FNF:4
FNH:4
FNDA:1,(anonymous_0)
FNDA:4,Allusion
FNDA:3,(anonymous_2)
FNDA:8,(anonymous_3)
DA:1,1
DA:2,1
DA:4,1
DA:5,1
DA:6,1
DA:7,1
DA:8,1
DA:9,1
DA:10,1
DA:13,1
DA:14,4
DA:21,4
DA:22,4
DA:23,4
DA:24,4
DA:25,4
DA:27,4
DA:28,4
DA:31,1
DA:32,3
DA:33,3
DA:35,3
DA:44,3
DA:45,8
DA:49,2
DA:50,1
DA:52,1
DA:56,1
LF:28
LH:28
BRDA:23,0,0,4
BRDA:23,0,1,0
BRDA:49,1,0,1
BRDA:49,1,1,1
BRF:4
BRH:3
end_of_record
TN:
SF:src/Environment.ts
FN:3,(anonymous_0)
FN:4,(anonymous_2)
FN:8,(anonymous_3)
FNF:3
FNH:2
FNDA:1,(anonymous_0)
FNDA:1,(anonymous_2)
FNDA:0,(anonymous_3)
DA:1,1
DA:3,1
DA:4,1
DA:5,1
DA:8,1
DA:9,0
DA:11,1
LF:7
LH:6
BRF:0
BRH:0
end_of_record
TN:
SF:src/QueueService.ts
FN:6,(anonymous_0)
FN:11,(anonymous_2)
FN:26,(anonymous_3)
FN:33,(anonymous_4)
FN:47,(anonymous_5)
FN:53,(anonymous_6)
FNF:6
FNH:6
FNDA:7,(anonymous_0)
FNDA:3,(anonymous_2)
FNDA:6,(anonymous_3)
FNDA:1,(anonymous_4)
FNDA:1,(anonymous_5)
FNDA:2,(anonymous_6)
DA:1,2
DA:3,2
DA:6,2
DA:7,5
DA:9,5
DA:11,3
DA:12,3
DA:22,3
DA:23,3
DA:25,3
DA:26,3
DA:27,6
DA:28,1
DA:33,2
DA:34,1
DA:35,1
DA:43,1
DA:44,1
DA:45,1
DA:46,1
DA:47,1
DA:48,1
DA:50,1
DA:53,2
DA:54,2
DA:56,2
LF:26
LH:26
BRDA:22,0,0,3
BRDA:22,0,1,0
BRDA:22,1,0,3
BRDA:22,1,1,3
BRDA:27,2,0,1
BRDA:27,2,1,5
BRF:6
BRH:5
end_of_record
TN:
SF:src/Utilities.ts
FN:1,(anonymous_0)
FN:2,(anonymous_2)
FN:12,(anonymous_3)
FN:17,(anonymous_4)
FN:21,(anonymous_5)
FNF:5
FNH:5
FNDA:3,(anonymous_0)
FNDA:2,(anonymous_2)
FNDA:1,(anonymous_3)
FNDA:1,(anonymous_4)
FNDA:3,(anonymous_5)
DA:1,3
DA:2,3
DA:3,2
DA:4,2
DA:5,2
DA:6,2
DA:7,1
DA:9,1
DA:12,3
DA:13,1
DA:14,1
DA:17,3
DA:18,1
DA:21,3
DA:22,3
DA:24,3
LF:16
LH:16
BRDA:6,0,0,1
BRDA:6,0,1,1
BRDA:6,1,0,2
BRDA:6,1,1,1
BRF:4
BRH:4
end_of_record
TN:
SF:src/types.ts
FN:23,(anonymous_0)
FNF:1
FNH:1
FNDA:7,(anonymous_0)
DA:23,7
DA:24,7
DA:25,7
DA:26,7
DA:27,7
DA:28,7
DA:29,7
DA:30,7
DA:33,7
LF:9
LH:9
BRDA:23,0,0,7
BRDA:23,0,1,7
BRF:2
BRH:2
end_of_record
TN:
SF:src/__tests__/TestUtils.ts
FN:3,(anonymous_0)
FN:4,(anonymous_2)
FN:13,(anonymous_3)
FN:22,(anonymous_4)
FNF:4
FNH:4
FNDA:1,(anonymous_0)
FNDA:1,(anonymous_2)
FNDA:1,(anonymous_3)
FNDA:2,(anonymous_4)
DA:3,1
DA:4,1
DA:5,1
DA:13,1
DA:14,1
DA:22,1
DA:23,2
DA:24,2
DA:25,2
DA:26,2
DA:28,1
DA:30,1
LF:12
LH:12
BRF:0
BRH:0
end_of_record
TN:
SF:src/events/AllusionErrorEvent.ts
FN:6,(anonymous_6)
FN:9,(anonymous_8)
FNF:2
FNH:2
FNDA:3,(anonymous_6)
FNDA:1,(anonymous_8)
DA:1,2
DA:4,2
DA:6,2
DA:7,1
DA:9,2
DA:10,1
DA:11,1
DA:12,1
DA:14,2
LF:9
LH:9
BRDA:6,0,0,1
BRDA:6,0,1,1
BRDA:6,0,2,1
BRF:3
BRH:3
end_of_record
TN:
SF:src/events/AllusionEvent.ts
FN:4,(anonymous_0)
FN:9,(anonymous_2)
FN:14,(anonymous_3)
FN:15,(anonymous_4)
FN:20,(anonymous_5)
FNF:5
FNH:2
FNDA:10,(anonymous_0)
FNDA:0,(anonymous_2)
FNDA:0,(anonymous_3)
FNDA:0,(anonymous_4)
FNDA:2,(anonymous_5)
DA:1,7
DA:4,7
DA:5,3
DA:9,7
DA:10,0
DA:11,0
DA:14,7
DA:15,0
DA:16,0
DA:20,7
DA:21,2
DA:22,2
DA:23,2
DA:24,2
DA:27,7
LF:15
LH:11
BRDA:22,0,0,2
BRDA:22,0,1,0
BRDA:23,1,0,2
BRDA:23,1,1,0
BRF:4
BRH:2
end_of_record
TN:
SF:src/events/AllusionPromiseRejectionEvent.ts
FN:6,(anonymous_6)
FN:9,(anonymous_8)
FNF:2
FNH:1
FNDA:2,(anonymous_6)
FNDA:0,(anonymous_8)
DA:1,2
DA:4,2
DA:6,2
DA:7,0
DA:9,2
DA:10,0
DA:11,0
DA:12,0
DA:13,0
DA:16,2
LF:10
LH:5
BRDA:6,0,0,0
BRDA:6,0,1,0
BRDA:6,0,2,0
BRDA:11,1,0,0
BRDA:11,1,1,0
BRF:5
BRH:0
end_of_record
TN:
SF:src/events/ChangeEvent.ts
FN:6,(anonymous_6)
FNF:1
FNH:1
FNDA:1,(anonymous_6)
DA:1,1
DA:4,1
DA:6,1
DA:7,0
DA:8,1
LF:5
LH:4
BRDA:6,0,0,0
BRDA:6,0,1,0
BRDA:6,0,2,0
BRF:3
BRH:0
end_of_record
TN:
SF:src/events/ClickEvent.ts
FN:6,(anonymous_6)
FNF:1
FNH:1
FNDA:4,(anonymous_6)
DA:1,2
DA:4,2
DA:6,2
DA:7,2
DA:8,2
LF:5
LH:5
BRDA:6,0,0,2
BRDA:6,0,1,2
BRDA:6,0,2,2
BRF:3
BRH:3
end_of_record
TN:
SF:src/events/LoadEvent.ts
FN:6,(anonymous_6)
FNF:1
FNH:1
FNDA:1,(anonymous_6)
DA:1,1
DA:4,1
DA:6,1
DA:7,0
DA:8,1
LF:5
LH:4
BRDA:6,0,0,0
BRDA:6,0,1,0
BRDA:6,0,2,0
BRF:3
BRH:0
end_of_record
TN:
SF:src/events/XHRSentEvent.ts
FN:6,(anonymous_6)
FN:10,(anonymous_8)
FN:11,(anonymous_9)
FN:17,(anonymous_10)
FN:20,(anonymous_11)
FN:31,(anonymous_12)
FNF:6
FNH:1
FNDA:1,(anonymous_6)
FNDA:0,(anonymous_8)
FNDA:0,(anonymous_9)
FNDA:0,(anonymous_10)
FNDA:0,(anonymous_11)
FNDA:0,(anonymous_12)
DA:1,1
DA:4,1
DA:6,1
DA:8,0
DA:10,1
DA:11,0
DA:12,0
DA:15,0
DA:17,0
DA:18,0
DA:20,0
DA:21,0
DA:22,0
DA:23,0
DA:27,0
DA:31,1
DA:32,0
DA:33,0
DA:34,0
DA:35,0
DA:36,0
DA:38,1
LF:22
LH:6
BRDA:6,0,0,0
BRDA:6,0,1,0
BRDA:6,0,2,0
BRDA:18,1,0,0
BRDA:18,1,1,0
BRDA:21,2,0,0
BRDA:21,2,1,0
BRF:7
BRH:0
end_of_record
TN:
SF:src/typings/global.d.ts
FNF:0
FNH:0
LF:0
LH:0
BRF:0
BRH:0
end_of_record
